17:05:14 **** Incremental Build of configuration Debug for project cpt_m__ac6 ****
make -j16 all 
Building file: ../Src/LSM303D.c
Building file: ../Src/interface_AD5668.c
Building file: ../Src/interface_AD8400.c
Invoking: MCU GCC Compiler
Invoking: MCU GCC Compiler
Building file: ../Src/interface_ADT7410.c
Invoking: MCU GCC Compiler
D:\my_GIT_2023\cpt_m__ac6\Debug
D:\my_GIT_2023\cpt_m__ac6\Debug
Invoking: MCU GCC Compiler
arm-none-eabi-gcc -mcpu=cortex-m4 -mthumb -mfloat-abi=hard -mfpu=fpv4-sp-d16 -DUSE_HAL_DRIVER -DSTM32L476xx -I"D:/my_GIT_2023/cpt_m__ac6/Inc" -I"D:/my_GIT_2023/cpt_m__ac6/Drivers/STM32L4xx_HAL_Driver/Inc" -I"D:/my_GIT_2023/cpt_m__ac6/Drivers/STM32L4xx_HAL_Driver/Inc/Legacy" -I"D:/my_GIT_2023/cpt_m__ac6/Drivers/CMSIS/Device/ST/STM32L4xx/Include" -I"D:/my_GIT_2023/cpt_m__ac6/Drivers/CMSIS/Include"  -Og -g3 -Wall -fmessage-length=0 -ffunction-sections -c -fmessage-length=0 -MMD -MP -MF"Src/LSM303D.d" -MT"Src/LSM303D.o" -o "Src/LSM303D.o" "../Src/LSM303D.c"
D:\my_GIT_2023\cpt_m__ac6\Debug
Building file: ../Src/interface_LMX2486.c
arm-none-eabi-gcc -mcpu=cortex-m4 -mthumb -mfloat-abi=hard -mfpu=fpv4-sp-d16 -DUSE_HAL_DRIVER -DSTM32L476xx -I"D:/my_GIT_2023/cpt_m__ac6/Inc" -I"D:/my_GIT_2023/cpt_m__ac6/Drivers/STM32L4xx_HAL_Driver/Inc" -I"D:/my_GIT_2023/cpt_m__ac6/Drivers/STM32L4xx_HAL_Driver/Inc/Legacy" -I"D:/my_GIT_2023/cpt_m__ac6/Drivers/CMSIS/Device/ST/STM32L4xx/Include" -I"D:/my_GIT_2023/cpt_m__ac6/Drivers/CMSIS/Include"  -Og -g3 -Wall -fmessage-length=0 -ffunction-sections -c -fmessage-length=0 -MMD -MP -MF"Src/interface_AD5668.d" -MT"Src/interface_AD5668.o" -o "Src/interface_AD5668.o" "../Src/interface_AD5668.c"
arm-none-eabi-gcc -mcpu=cortex-m4 -mthumb -mfloat-abi=hard -mfpu=fpv4-sp-d16 -DUSE_HAL_DRIVER -DSTM32L476xx -I"D:/my_GIT_2023/cpt_m__ac6/Inc" -I"D:/my_GIT_2023/cpt_m__ac6/Drivers/STM32L4xx_HAL_Driver/Inc" -I"D:/my_GIT_2023/cpt_m__ac6/Drivers/STM32L4xx_HAL_Driver/Inc/Legacy" -I"D:/my_GIT_2023/cpt_m__ac6/Drivers/CMSIS/Device/ST/STM32L4xx/Include" -I"D:/my_GIT_2023/cpt_m__ac6/Drivers/CMSIS/Include"  -Og -g3 -Wall -fmessage-length=0 -ffunction-sections -c -fmessage-length=0 -MMD -MP -MF"Src/interface_AD8400.d" -MT"Src/interface_AD8400.o" -o "Src/interface_AD8400.o" "../Src/interface_AD8400.c"
D:\my_GIT_2023\cpt_m__ac6\Debug
arm-none-eabi-gcc -mcpu=cortex-m4 -mthumb -mfloat-abi=hard -mfpu=fpv4-sp-d16 -DUSE_HAL_DRIVER -DSTM32L476xx -I"D:/my_GIT_2023/cpt_m__ac6/Inc" -I"D:/my_GIT_2023/cpt_m__ac6/Drivers/STM32L4xx_HAL_Driver/Inc" -I"D:/my_GIT_2023/cpt_m__ac6/Drivers/STM32L4xx_HAL_Driver/Inc/Legacy" -I"D:/my_GIT_2023/cpt_m__ac6/Drivers/CMSIS/Device/ST/STM32L4xx/Include" -I"D:/my_GIT_2023/cpt_m__ac6/Drivers/CMSIS/Include"  -Og -g3 -Wall -fmessage-length=0 -ffunction-sections -c -fmessage-length=0 -MMD -MP -MF"Src/interface_ADT7410.d" -MT"Src/interface_ADT7410.o" -o "Src/interface_ADT7410.o" "../Src/interface_ADT7410.c"
Invoking: MCU GCC Compiler
Building file: ../Src/my_FUN.s
D:\my_GIT_2023\cpt_m__ac6\Debug
arm-none-eabi-gcc -mcpu=cortex-m4 -mthumb -mfloat-abi=hard -mfpu=fpv4-sp-d16 -DUSE_HAL_DRIVER -DSTM32L476xx -I"D:/my_GIT_2023/cpt_m__ac6/Inc" -I"D:/my_GIT_2023/cpt_m__ac6/Drivers/STM32L4xx_HAL_Driver/Inc" -I"D:/my_GIT_2023/cpt_m__ac6/Drivers/STM32L4xx_HAL_Driver/Inc/Legacy" -I"D:/my_GIT_2023/cpt_m__ac6/Drivers/CMSIS/Device/ST/STM32L4xx/Include" -I"D:/my_GIT_2023/cpt_m__ac6/Drivers/CMSIS/Include"  -Og -g3 -Wall -fmessage-length=0 -ffunction-sections -c -fmessage-length=0 -MMD -MP -MF"Src/interface_LMX2486.d" -MT"Src/interface_LMX2486.o" -o "Src/interface_LMX2486.o" "../Src/interface_LMX2486.c"
Building file: ../Src/my_FUN_.c
Invoking: MCU GCC Assembler
Invoking: MCU GCC Compiler
Building file: ../Src/my_tst_1.s
D:\my_GIT_2023\cpt_m__ac6\Debug
arm-none-eabi-as -mcpu=cortex-m4 -mthumb -mfloat-abi=hard -mfpu=fpv4-sp-d16 -g -o "Src/my_FUN.o" "../Src/my_FUN.s"
Building file: ../Src/pid_DOPLER_FREQ.c
D:\my_GIT_2023\cpt_m__ac6\Debug
arm-none-eabi-gcc -mcpu=cortex-m4 -mthumb -mfloat-abi=hard -mfpu=fpv4-sp-d16 -DUSE_HAL_DRIVER -DSTM32L476xx -I"D:/my_GIT_2023/cpt_m__ac6/Inc" -I"D:/my_GIT_2023/cpt_m__ac6/Drivers/STM32L4xx_HAL_Driver/Inc" -I"D:/my_GIT_2023/cpt_m__ac6/Drivers/STM32L4xx_HAL_Driver/Inc/Legacy" -I"D:/my_GIT_2023/cpt_m__ac6/Drivers/CMSIS/Device/ST/STM32L4xx/Include" -I"D:/my_GIT_2023/cpt_m__ac6/Drivers/CMSIS/Include"  -Og -g3 -Wall -fmessage-length=0 -ffunction-sections -c -fmessage-length=0 -MMD -MP -MF"Src/my_FUN_.d" -MT"Src/my_FUN_.o" -o "Src/my_FUN_.o" "../Src/my_FUN_.c"
Invoking: MCU GCC Assembler
Invoking: MCU GCC Compiler
Building file: ../Src/pid_MICROWAVE.c
D:\my_GIT_2023\cpt_m__ac6\Debug
D:\my_GIT_2023\cpt_m__ac6\Debug
arm-none-eabi-as -mcpu=cortex-m4 -mthumb -mfloat-abi=hard -mfpu=fpv4-sp-d16 -g -o "Src/my_tst_1.o" "../Src/my_tst_1.s"
Building file: ../Src/pid_cell.c
arm-none-eabi-gcc -mcpu=cortex-m4 -mthumb -mfloat-abi=hard -mfpu=fpv4-sp-d16 -DUSE_HAL_DRIVER -DSTM32L476xx -I"D:/my_GIT_2023/cpt_m__ac6/Inc" -I"D:/my_GIT_2023/cpt_m__ac6/Drivers/STM32L4xx_HAL_Driver/Inc" -I"D:/my_GIT_2023/cpt_m__ac6/Drivers/STM32L4xx_HAL_Driver/Inc/Legacy" -I"D:/my_GIT_2023/cpt_m__ac6/Drivers/CMSIS/Device/ST/STM32L4xx/Include" -I"D:/my_GIT_2023/cpt_m__ac6/Drivers/CMSIS/Include"  -Og -g3 -Wall -fmessage-length=0 -ffunction-sections -c -fmessage-length=0 -MMD -MP -MF"Src/pid_DOPLER_FREQ.d" -MT"Src/pid_DOPLER_FREQ.o" -o "Src/pid_DOPLER_FREQ.o" "../Src/pid_DOPLER_FREQ.c"
Invoking: MCU GCC Compiler
Invoking: MCU GCC Compiler
D:\my_GIT_2023\cpt_m__ac6\Debug
Building file: ../Src/pid_dopler_crnt.c
arm-none-eabi-gcc -mcpu=cortex-m4 -mthumb -mfloat-abi=hard -mfpu=fpv4-sp-d16 -DUSE_HAL_DRIVER -DSTM32L476xx -I"D:/my_GIT_2023/cpt_m__ac6/Inc" -I"D:/my_GIT_2023/cpt_m__ac6/Drivers/STM32L4xx_HAL_Driver/Inc" -I"D:/my_GIT_2023/cpt_m__ac6/Drivers/STM32L4xx_HAL_Driver/Inc/Legacy" -I"D:/my_GIT_2023/cpt_m__ac6/Drivers/CMSIS/Device/ST/STM32L4xx/Include" -I"D:/my_GIT_2023/cpt_m__ac6/Drivers/CMSIS/Include"  -Og -g3 -Wall -fmessage-length=0 -ffunction-sections -c -fmessage-length=0 -MMD -MP -MF"Src/pid_MICROWAVE.d" -MT"Src/pid_MICROWAVE.o" -o "Src/pid_MICROWAVE.o" "../Src/pid_MICROWAVE.c"
Building file: ../Src/pid_dopler_tec.c
D:\my_GIT_2023\cpt_m__ac6\Debug
arm-none-eabi-gcc -mcpu=cortex-m4 -mthumb -mfloat-abi=hard -mfpu=fpv4-sp-d16 -DUSE_HAL_DRIVER -DSTM32L476xx -I"D:/my_GIT_2023/cpt_m__ac6/Inc" -I"D:/my_GIT_2023/cpt_m__ac6/Drivers/STM32L4xx_HAL_Driver/Inc" -I"D:/my_GIT_2023/cpt_m__ac6/Drivers/STM32L4xx_HAL_Driver/Inc/Legacy" -I"D:/my_GIT_2023/cpt_m__ac6/Drivers/CMSIS/Device/ST/STM32L4xx/Include" -I"D:/my_GIT_2023/cpt_m__ac6/Drivers/CMSIS/Include"  -Og -g3 -Wall -fmessage-length=0 -ffunction-sections -c -fmessage-length=0 -MMD -MP -MF"Src/pid_cell.d" -MT"Src/pid_cell.o" -o "Src/pid_cell.o" "../Src/pid_cell.c"
Invoking: MCU GCC Compiler
Invoking: MCU GCC Compiler
Building file: ../Src/pid_freq.c
D:\my_GIT_2023\cpt_m__ac6\Debug
D:\my_GIT_2023\cpt_m__ac6\Debug
arm-none-eabi-gcc -mcpu=cortex-m4 -mthumb -mfloat-abi=hard -mfpu=fpv4-sp-d16 -DUSE_HAL_DRIVER -DSTM32L476xx -I"D:/my_GIT_2023/cpt_m__ac6/Inc" -I"D:/my_GIT_2023/cpt_m__ac6/Drivers/STM32L4xx_HAL_Driver/Inc" -I"D:/my_GIT_2023/cpt_m__ac6/Drivers/STM32L4xx_HAL_Driver/Inc/Legacy" -I"D:/my_GIT_2023/cpt_m__ac6/Drivers/CMSIS/Device/ST/STM32L4xx/Include" -I"D:/my_GIT_2023/cpt_m__ac6/Drivers/CMSIS/Include"  -Og -g3 -Wall -fmessage-length=0 -ffunction-sections -c -fmessage-length=0 -MMD -MP -MF"Src/pid_dopler_crnt.d" -MT"Src/pid_dopler_crnt.o" -o "Src/pid_dopler_crnt.o" "../Src/pid_dopler_crnt.c"
Building file: ../Src/pid_optics_pwr.c
arm-none-eabi-gcc -mcpu=cortex-m4 -mthumb -mfloat-abi=hard -mfpu=fpv4-sp-d16 -DUSE_HAL_DRIVER -DSTM32L476xx -I"D:/my_GIT_2023/cpt_m__ac6/Inc" -I"D:/my_GIT_2023/cpt_m__ac6/Drivers/STM32L4xx_HAL_Driver/Inc" -I"D:/my_GIT_2023/cpt_m__ac6/Drivers/STM32L4xx_HAL_Driver/Inc/Legacy" -I"D:/my_GIT_2023/cpt_m__ac6/Drivers/CMSIS/Device/ST/STM32L4xx/Include" -I"D:/my_GIT_2023/cpt_m__ac6/Drivers/CMSIS/Include"  -Og -g3 -Wall -fmessage-length=0 -ffunction-sections -c -fmessage-length=0 -MMD -MP -MF"Src/pid_dopler_tec.d" -MT"Src/pid_dopler_tec.o" -o "Src/pid_dopler_tec.o" "../Src/pid_dopler_tec.c"
Invoking: MCU GCC Compiler
Invoking: MCU GCC Compiler
D:\my_GIT_2023\cpt_m__ac6\Debug
arm-none-eabi-gcc -mcpu=cortex-m4 -mthumb -mfloat-abi=hard -mfpu=fpv4-sp-d16 -DUSE_HAL_DRIVER -DSTM32L476xx -I"D:/my_GIT_2023/cpt_m__ac6/Inc" -I"D:/my_GIT_2023/cpt_m__ac6/Drivers/STM32L4xx_HAL_Driver/Inc" -I"D:/my_GIT_2023/cpt_m__ac6/Drivers/STM32L4xx_HAL_Driver/Inc/Legacy" -I"D:/my_GIT_2023/cpt_m__ac6/Drivers/CMSIS/Device/ST/STM32L4xx/Include" -I"D:/my_GIT_2023/cpt_m__ac6/Drivers/CMSIS/Include"  -Og -g3 -Wall -fmessage-length=0 -ffunction-sections -c -fmessage-length=0 -MMD -MP -MF"Src/pid_freq.d" -MT"Src/pid_freq.o" -o "Src/pid_freq.o" "../Src/pid_freq.c"
Building file: ../Src/pid_tec_ctrl.c
D:\my_GIT_2023\cpt_m__ac6\Debug
arm-none-eabi-gcc -mcpu=cortex-m4 -mthumb -mfloat-abi=hard -mfpu=fpv4-sp-d16 -DUSE_HAL_DRIVER -DSTM32L476xx -I"D:/my_GIT_2023/cpt_m__ac6/Inc" -I"D:/my_GIT_2023/cpt_m__ac6/Drivers/STM32L4xx_HAL_Driver/Inc" -I"D:/my_GIT_2023/cpt_m__ac6/Drivers/STM32L4xx_HAL_Driver/Inc/Legacy" -I"D:/my_GIT_2023/cpt_m__ac6/Drivers/CMSIS/Device/ST/STM32L4xx/Include" -I"D:/my_GIT_2023/cpt_m__ac6/Drivers/CMSIS/Include"  -Og -g3 -Wall -fmessage-length=0 -ffunction-sections -c -fmessage-length=0 -MMD -MP -MF"Src/pid_optics_pwr.d" -MT"Src/pid_optics_pwr.o" -o "Src/pid_optics_pwr.o" "../Src/pid_optics_pwr.c"
Invoking: MCU GCC Compiler
D:\my_GIT_2023\cpt_m__ac6\Debug
arm-none-eabi-gcc -mcpu=cortex-m4 -mthumb -mfloat-abi=hard -mfpu=fpv4-sp-d16 -DUSE_HAL_DRIVER -DSTM32L476xx -I"D:/my_GIT_2023/cpt_m__ac6/Inc" -I"D:/my_GIT_2023/cpt_m__ac6/Drivers/STM32L4xx_HAL_Driver/Inc" -I"D:/my_GIT_2023/cpt_m__ac6/Drivers/STM32L4xx_HAL_Driver/Inc/Legacy" -I"D:/my_GIT_2023/cpt_m__ac6/Drivers/CMSIS/Device/ST/STM32L4xx/Include" -I"D:/my_GIT_2023/cpt_m__ac6/Drivers/CMSIS/Include"  -Og -g3 -Wall -fmessage-length=0 -ffunction-sections -c -fmessage-length=0 -MMD -MP -MF"Src/pid_tec_ctrl.d" -MT"Src/pid_tec_ctrl.o" -o "Src/pid_tec_ctrl.o" "../Src/pid_tec_ctrl.c"
Finished building: ../Src/my_tst_1.s
Finished building: ../Src/my_FUN.s
 
 
Building file: ../Src/spi.c
Building file: ../Src/stm32l4xx_hal_msp.c
Invoking: MCU GCC Compiler
Invoking: MCU GCC Compiler
D:\my_GIT_2023\cpt_m__ac6\Debug
arm-none-eabi-gcc -mcpu=cortex-m4 -mthumb -mfloat-abi=hard -mfpu=fpv4-sp-d16 -DUSE_HAL_DRIVER -DSTM32L476xx -I"D:/my_GIT_2023/cpt_m__ac6/Inc" -I"D:/my_GIT_2023/cpt_m__ac6/Drivers/STM32L4xx_HAL_Driver/Inc" -I"D:/my_GIT_2023/cpt_m__ac6/Drivers/STM32L4xx_HAL_Driver/Inc/Legacy" -I"D:/my_GIT_2023/cpt_m__ac6/Drivers/CMSIS/Device/ST/STM32L4xx/Include" -I"D:/my_GIT_2023/cpt_m__ac6/Drivers/CMSIS/Include"  -Og -g3 -Wall -fmessage-length=0 -ffunction-sections -c -fmessage-length=0 -MMD -MP -MF"Src/spi.d" -MT"Src/spi.o" -o "Src/spi.o" "../Src/spi.c"
D:\my_GIT_2023\cpt_m__ac6\Debug
arm-none-eabi-gcc -mcpu=cortex-m4 -mthumb -mfloat-abi=hard -mfpu=fpv4-sp-d16 -DUSE_HAL_DRIVER -DSTM32L476xx -I"D:/my_GIT_2023/cpt_m__ac6/Inc" -I"D:/my_GIT_2023/cpt_m__ac6/Drivers/STM32L4xx_HAL_Driver/Inc" -I"D:/my_GIT_2023/cpt_m__ac6/Drivers/STM32L4xx_HAL_Driver/Inc/Legacy" -I"D:/my_GIT_2023/cpt_m__ac6/Drivers/CMSIS/Device/ST/STM32L4xx/Include" -I"D:/my_GIT_2023/cpt_m__ac6/Drivers/CMSIS/Include"  -Og -g3 -Wall -fmessage-length=0 -ffunction-sections -c -fmessage-length=0 -MMD -MP -MF"Src/stm32l4xx_hal_msp.d" -MT"Src/stm32l4xx_hal_msp.o" -o "Src/stm32l4xx_hal_msp.o" "../Src/stm32l4xx_hal_msp.c"
Finished building: ../Src/pid_cell.c
Finished building: ../Src/pid_dopler_crnt.c
Finished building: ../Src/pid_dopler_tec.c
Finished building: ../Src/pid_freq.c
Finished building: ../Src/pid_tec_ctrl.c
 
 
 
 
 
Building file: ../Src/system_stm32l4xx.c
Building file: ../Src/tim.c
Building file: ../Src/usart.c
Invoking: MCU GCC Compiler
Building file: ../Src/usart_protocol.c
Invoking: MCU GCC Compiler
Invoking: MCU GCC Compiler
D:\my_GIT_2023\cpt_m__ac6\Debug
Building file: ../Src/var.c
arm-none-eabi-gcc -mcpu=cortex-m4 -mthumb -mfloat-abi=hard -mfpu=fpv4-sp-d16 -DUSE_HAL_DRIVER -DSTM32L476xx -I"D:/my_GIT_2023/cpt_m__ac6/Inc" -I"D:/my_GIT_2023/cpt_m__ac6/Drivers/STM32L4xx_HAL_Driver/Inc" -I"D:/my_GIT_2023/cpt_m__ac6/Drivers/STM32L4xx_HAL_Driver/Inc/Legacy" -I"D:/my_GIT_2023/cpt_m__ac6/Drivers/CMSIS/Device/ST/STM32L4xx/Include" -I"D:/my_GIT_2023/cpt_m__ac6/Drivers/CMSIS/Include"  -Og -g3 -Wall -fmessage-length=0 -ffunction-sections -c -fmessage-length=0 -MMD -MP -MF"Src/system_stm32l4xx.d" -MT"Src/system_stm32l4xx.o" -o "Src/system_stm32l4xx.o" "../Src/system_stm32l4xx.c"
Invoking: MCU GCC Compiler
D:\my_GIT_2023\cpt_m__ac6\Debug
D:\my_GIT_2023\cpt_m__ac6\Debug
arm-none-eabi-gcc -mcpu=cortex-m4 -mthumb -mfloat-abi=hard -mfpu=fpv4-sp-d16 -DUSE_HAL_DRIVER -DSTM32L476xx -I"D:/my_GIT_2023/cpt_m__ac6/Inc" -I"D:/my_GIT_2023/cpt_m__ac6/Drivers/STM32L4xx_HAL_Driver/Inc" -I"D:/my_GIT_2023/cpt_m__ac6/Drivers/STM32L4xx_HAL_Driver/Inc/Legacy" -I"D:/my_GIT_2023/cpt_m__ac6/Drivers/CMSIS/Device/ST/STM32L4xx/Include" -I"D:/my_GIT_2023/cpt_m__ac6/Drivers/CMSIS/Include"  -Og -g3 -Wall -fmessage-length=0 -ffunction-sections -c -fmessage-length=0 -MMD -MP -MF"Src/tim.d" -MT"Src/tim.o" -o "Src/tim.o" "../Src/tim.c"
arm-none-eabi-gcc -mcpu=cortex-m4 -mthumb -mfloat-abi=hard -mfpu=fpv4-sp-d16 -DUSE_HAL_DRIVER -DSTM32L476xx -I"D:/my_GIT_2023/cpt_m__ac6/Inc" -I"D:/my_GIT_2023/cpt_m__ac6/Drivers/STM32L4xx_HAL_Driver/Inc" -I"D:/my_GIT_2023/cpt_m__ac6/Drivers/STM32L4xx_HAL_Driver/Inc/Legacy" -I"D:/my_GIT_2023/cpt_m__ac6/Drivers/CMSIS/Device/ST/STM32L4xx/Include" -I"D:/my_GIT_2023/cpt_m__ac6/Drivers/CMSIS/Include"  -Og -g3 -Wall -fmessage-length=0 -ffunction-sections -c -fmessage-length=0 -MMD -MP -MF"Src/usart.d" -MT"Src/usart.o" -o "Src/usart.o" "../Src/usart.c"
Invoking: MCU GCC Compiler
D:\my_GIT_2023\cpt_m__ac6\Debug
arm-none-eabi-gcc -mcpu=cortex-m4 -mthumb -mfloat-abi=hard -mfpu=fpv4-sp-d16 -DUSE_HAL_DRIVER -DSTM32L476xx -I"D:/my_GIT_2023/cpt_m__ac6/Inc" -I"D:/my_GIT_2023/cpt_m__ac6/Drivers/STM32L4xx_HAL_Driver/Inc" -I"D:/my_GIT_2023/cpt_m__ac6/Drivers/STM32L4xx_HAL_Driver/Inc/Legacy" -I"D:/my_GIT_2023/cpt_m__ac6/Drivers/CMSIS/Device/ST/STM32L4xx/Include" -I"D:/my_GIT_2023/cpt_m__ac6/Drivers/CMSIS/Include"  -Og -g3 -Wall -fmessage-length=0 -ffunction-sections -c -fmessage-length=0 -MMD -MP -MF"Src/usart_protocol.d" -MT"Src/usart_protocol.o" -o "Src/usart_protocol.o" "../Src/usart_protocol.c"
D:\my_GIT_2023\cpt_m__ac6\Debug
arm-none-eabi-gcc -mcpu=cortex-m4 -mthumb -mfloat-abi=hard -mfpu=fpv4-sp-d16 -DUSE_HAL_DRIVER -DSTM32L476xx -I"D:/my_GIT_2023/cpt_m__ac6/Inc" -I"D:/my_GIT_2023/cpt_m__ac6/Drivers/STM32L4xx_HAL_Driver/Inc" -I"D:/my_GIT_2023/cpt_m__ac6/Drivers/STM32L4xx_HAL_Driver/Inc/Legacy" -I"D:/my_GIT_2023/cpt_m__ac6/Drivers/CMSIS/Device/ST/STM32L4xx/Include" -I"D:/my_GIT_2023/cpt_m__ac6/Drivers/CMSIS/Include"  -Og -g3 -Wall -fmessage-length=0 -ffunction-sections -c -fmessage-length=0 -MMD -MP -MF"Src/var.d" -MT"Src/var.o" -o "Src/var.o" "../Src/var.c"
../Src/interface_AD8400.c: In function 'AD8400_SetValue':
../Src/interface_AD8400.c:24:17: warning: variable 'data' set but not used [-Wunused-but-set-variable]
  static uint8_t data[2];
                 ^~~~
../Src/interface_AD8400.c:9:19: warning: variable 'rx' set but not used [-Wunused-but-set-variable]
  volatile uint8_t rx = 0;
                   ^~
../Src/interface_AD5668.c: In function 'AD5668_Init':
../Src/interface_AD5668.c:12:19: warning: variable 'rx' set but not used [-Wunused-but-set-variable]
  volatile uint8_t rx = 0;
                   ^~
../Src/interface_AD5668.c: In function 'AD5668_SetValue':
../Src/interface_AD5668.c:57:19: warning: variable 'rx' set but not used [-Wunused-but-set-variable]
  volatile uint8_t rx = 0;
                   ^~
../Src/interface_AD5668.c: In function 'AD5668_WriteValue':
../Src/interface_AD5668.c:105:19: warning: variable 'rx' set but not used [-Wunused-but-set-variable]
  volatile uint8_t rx = 0;
                   ^~
../Src/interface_AD5668.c: In function 'AD5668_Reset':
../Src/interface_AD5668.c:152:19: warning: variable 'rx' set but not used [-Wunused-but-set-variable]
  volatile uint8_t rx = 0;
                   ^~
../Src/interface_LMX2486.c: In function 'LMX2486_SendData':
../Src/interface_LMX2486.c:8:19: warning: variable 'rx' set but not used [-Wunused-but-set-variable]
  volatile uint8_t rx = 0;
                   ^~
Finished building: ../Src/stm32l4xx_hal_msp.c
Finished building: ../Src/LSM303D.c
 
Finished building: ../Src/interface_AD8400.c
 
 
Finished building: ../Src/pid_optics_pwr.c
Finished building: ../Src/interface_ADT7410.c
Finished building: ../Src/pid_DOPLER_FREQ.c
Finished building: ../Src/interface_AD5668.c
Finished building: ../Src/my_FUN_.c
Finished building: ../Src/interface_LMX2486.c
Finished building: ../Src/pid_MICROWAVE.c
Finished building: ../Src/spi.c
Finished building: ../Src/system_stm32l4xx.c
 
 
 
 
Finished building: ../Src/usart.c
 
Finished building: ../Src/var.c
 
 
 
 
 
 
Finished building: ../Src/tim.c
 
Finished building: ../Src/usart_protocol.c
 
Building target: cpt_m__ac6.elf
Invoking: MCU GCC Linker
arm-none-eabi-gcc -mcpu=cortex-m4 -mthumb -mfloat-abi=hard -mfpu=fpv4-sp-d16 -specs=nosys.specs -specs=nano.specs -T"../STM32L476RCTx_FLASH.ld" -Wl,-Map=output.map -Wl,--gc-sections -o "cpt_m__ac6.elf" @"objects.list"   -lm
Finished building target: cpt_m__ac6.elf
 
make --no-print-directory post-build
Generating hex and Printing size information:
arm-none-eabi-objcopy -O ihex "cpt_m__ac6.elf" "cpt_m__ac6.hex"
arm-none-eabi-size "cpt_m__ac6.elf"
   text	   data	    bss	    dec	    hex	filename
  44616	    376	  33864	  78856	  13408	cpt_m__ac6.elf
 

17:05:18 Build Finished (took 3s.926ms)

